Arguments: 
  /usr/local/bin/node /usr/local/bin/yarn add @tarojs/plugin-sass --silent --no-progress -D

PATH: 
  /usr/local/opt/icu4c/sbin:/usr/local/opt/icu4c/bin:/Library/Java/JavaVirtualMachines/jdk1.8.0_181.jdk/Contents/Home/bin:/usr/local/opt/openssl/bin:/usr/local/bin:/usr/bin:/bin:/usr/sbin:/sbin:.:/Users/pan/Documents/sdk/tools:/Users/pan/Documents/sdk/platform-tools:/Users/pan/Documents/sdk/ndk-bundle:/Users/pan/.gradle/wrapper/dists/gradle-4.4-all/9br9xq1tocpiv8o6njlyu5op1/gradle-4.4/bin

Yarn version: 
  1.9.4

Node version: 
  10.9.0

Platform: 
  darwin x64

Trace: 
  Error: ENOENT: no such file or directory, lstat '/Users/pan/hankins/weChats/QCity/node_modules/to-fast-properties/package.json.4230264635'

npm manifest: 
  {
    "name": "QCity",
    "version": "1.0.0",
    "private": true,
    "description": "weChat project for QCity_24_H",
    "scripts": {
      "build:weapp": "taro build --type weapp",
      "build:swan": "taro build --type swan",
      "build:alipay": "taro build --type alipay",
      "build:tt": "taro build --type tt",
      "build:h5": "taro build --type h5",
      "build:rn": "taro build --type rn",
      "dev:weapp": "npm run build:weapp -- --watch",
      "dev:swan": "npm run build:swan -- --watch",
      "dev:alipay": "npm run build:alipay -- --watch",
      "dev:tt": "npm run build:tt -- --watch",
      "dev:h5": "npm run build:h5 -- --watch",
      "dev:rn": "npm run build:rn -- --watch"
    },
    "author": "",
    "license": "MIT",
    "dependencies": {
      "@tarojs/components": "1.2.19",
      "@tarojs/redux": "^1.2.19",
      "@tarojs/router": "1.2.19",
      "@tarojs/taro": "1.2.19",
      "@tarojs/taro-alipay": "1.2.19",
      "@tarojs/taro-h5": "1.2.19",
      "@tarojs/taro-swan": "1.2.19",
      "@tarojs/taro-tt": "1.2.19",
      "@tarojs/taro-weapp": "1.2.19",
      "nerv-devtools": "^1.3.9",
      "nervjs": "^1.3.9",
      "redux": "^4.0.1",
      "redux-logger": "^3.0.6",
      "redux-thunk": "^2.3.0"
    },
    "devDependencies": {
      "@types/react": "^16.4.6",
      "@types/webpack-env": "^1.13.6",
      "@tarojs/plugin-babel": "1.2.19",
      "@tarojs/plugin-csso": "1.2.19",
      "@tarojs/plugin-sass": "1.2.19",
      "@tarojs/plugin-uglifyjs": "1.2.19",
      "@tarojs/webpack-runner": "1.2.19",
      "babel-plugin-transform-class-properties": "^6.24.1",
      "babel-plugin-transform-decorators-legacy": "^1.3.4",
      "babel-plugin-transform-jsx-stylesheet": "^0.6.5",
      "babel-plugin-transform-object-rest-spread": "^6.26.0",
      "babel-preset-env": "^1.6.1"
    }
  }

yarn manifest: 
  No manifest

Lockfile: 
  No lockfile
